2021-05-10 10:13:19,437 [Worker-1: Loading available Gradle versions] INFO  o.e.b.c.i.u.g.PublishedGradleVersions - Gradle version information cache is up-to-date. Trying to read.
2021-05-11 08:36:21,689 [Worker-10: Loading available Gradle versions] INFO  o.e.b.c.i.u.g.PublishedGradleVersions - Gradle version information cache is up-to-date. Trying to read.
2021-05-12 08:42:44,934 [Worker-5: Loading available Gradle versions] INFO  o.e.b.c.i.u.g.PublishedGradleVersions - Gradle version information cache is out-of-date. Trying to update.
2021-05-13 09:02:50,563 [Worker-3: Loading available Gradle versions] INFO  o.e.b.c.i.u.g.PublishedGradleVersions - Gradle version information cache is out-of-date. Trying to update.
2021-05-14 08:48:30,743 [Worker-1: Loading available Gradle versions] INFO  o.e.b.c.i.u.g.PublishedGradleVersions - Gradle version information cache is up-to-date. Trying to read.
2021-05-17 09:02:47,550 [Worker-0: Loading available Gradle versions] INFO  o.e.b.c.i.u.g.PublishedGradleVersions - Gradle version information cache is out-of-date. Trying to update.
2021-05-18 08:25:37,762 [Worker-3: Loading available Gradle versions] INFO  o.e.b.c.i.u.g.PublishedGradleVersions - Gradle version information cache is up-to-date. Trying to read.
2021-05-18 17:39:08,628 [Worker-4: Loading available Gradle versions] INFO  o.e.b.c.i.u.g.PublishedGradleVersions - Gradle version information cache is up-to-date. Trying to read.
2021-05-20 08:25:14,020 [Worker-4: Loading available Gradle versions] INFO  o.e.b.c.i.u.g.PublishedGradleVersions - Gradle version information cache is out-of-date. Trying to update.
2021-05-20 10:40:19,193 [main] INFO  org.eclipse.jetty.util.log - Logging initialized @8127703ms to org.eclipse.jetty.util.log.Slf4jLog
2021-05-20 10:40:19,351 [main] INFO  org.eclipse.jetty.server.Server - jetty-9.4.29.v20200521; built: 2020-05-27T11:26:53.365Z; git: 77c232aed8a45c818fd27232278d9f95a021095e; jvm 1.8.0_281-b09
2021-05-20 10:40:19,371 [main] INFO  org.eclipse.jetty.server.session - DefaultSessionIdManager workerName=node0
2021-05-20 10:40:19,371 [main] INFO  org.eclipse.jetty.server.session - No SessionScavenger set, using defaults
2021-05-20 10:40:19,372 [main] INFO  org.eclipse.jetty.server.session - node0 Scavenging every 660000ms
2021-05-20 10:40:19,399 [main] INFO  o.e.j.server.handler.ContextHandler - Started o.e.j.s.ServletContextHandler@48e5249f{/wse,null,AVAILABLE}
2021-05-20 10:40:19,415 [main] INFO  o.e.jetty.server.AbstractConnector - Started ServerConnector@9e364bf{HTTP/1.1, (http/1.1)}{0.0.0.0:49783}
2021-05-20 10:40:19,416 [main] INFO  org.eclipse.jetty.server.Server - Started @8127927ms
2021-05-20 10:40:19,416 [main] INFO  org.eclipse.jetty.server.session - node0 Scavenging every 726000ms
2021-05-20 13:27:14,094 [Framework stop - Equinox Container: 2b596b71-1960-4344-9518-6d5d250f6d14] INFO  o.e.jetty.server.AbstractConnector - Stopped ServerConnector@9e364bf{HTTP/1.1, (http/1.1)}{0.0.0.0:0}
2021-05-20 13:27:14,094 [Framework stop - Equinox Container: 2b596b71-1960-4344-9518-6d5d250f6d14] INFO  org.eclipse.jetty.server.session - node0 Stopped scavenging
2021-05-20 13:27:14,126 [Framework stop - Equinox Container: 2b596b71-1960-4344-9518-6d5d250f6d14] INFO  o.e.j.server.handler.ContextHandler - Stopped o.e.j.s.ServletContextHandler@48e5249f{/wse,null,UNAVAILABLE}
2021-05-20 13:58:17,005 [Worker-2: Loading available Gradle versions] INFO  o.e.b.c.i.u.g.PublishedGradleVersions - Gradle version information cache is up-to-date. Trying to read.
2021-05-21 08:34:21,257 [Worker-2: Loading available Gradle versions] INFO  o.e.b.c.i.u.g.PublishedGradleVersions - Gradle version information cache is out-of-date. Trying to update.
2021-05-21 09:08:40,614 [Worker-2: Loading available Gradle versions] INFO  o.e.b.c.i.u.g.PublishedGradleVersions - Gradle version information cache is up-to-date. Trying to read.
2021-05-24 09:02:14,038 [Worker-0: Loading available Gradle versions] INFO  o.e.b.c.i.u.g.PublishedGradleVersions - Gradle version information cache is out-of-date. Trying to update.
2021-05-25 08:57:46,660 [Worker-1: Loading available Gradle versions] INFO  o.e.b.c.i.u.g.PublishedGradleVersions - Gradle version information cache is up-to-date. Trying to read.
2021-05-26 08:57:09,146 [Worker-6: Loading available Gradle versions] INFO  o.e.b.c.i.u.g.PublishedGradleVersions - Gradle version information cache is out-of-date. Trying to update.
2021-05-27 08:35:23,140 [Worker-5: Loading available Gradle versions] INFO  o.e.b.c.i.u.g.PublishedGradleVersions - Gradle version information cache is up-to-date. Trying to read.
2021-05-28 09:06:07,119 [Worker-3: Loading available Gradle versions] INFO  o.e.b.c.i.u.g.PublishedGradleVersions - Gradle version information cache is up-to-date. Trying to read.
